<?xml version="1.0" encoding="UTF-8"?>
<!-- Generated by org.testng.reporters.JUnitReportReporter -->
<testsuite skipped="0" hostname="DESKTOP-K8I0AB7" name="com.jobApplication.PersonalInfoTests" tests="2" failures="0" timestamp="23 Jun 2018 22:00:31 GMT" time="6.806" errors="0">
  <testcase name="fullNameEmptyTest" time="0.714" classname="com.jobApplication.PersonalInfoTests"/>
  <testcase name="submitFullApplication" time="6.092" classname="com.jobApplication.PersonalInfoTests"/>
</testsuite> <!-- com.jobApplication.PersonalInfoTests -->
